<?xml version="1.0" encoding="UTF-8"?>
<testng-results skipped="0" failed="0" ignored="0" total="1" passed="1">
  <reporter-output>
  </reporter-output>
  <suite name="Default suite" duration-ms="13028" started-at="2018-06-22T12:43:12Z" finished-at="2018-06-22T12:43:25Z">
    <groups>
    </groups>
    <test name="Default test" duration-ms="13028" started-at="2018-06-22T12:43:12Z" finished-at="2018-06-22T12:43:25Z">
      <class name="com.testLib.LogInpageTitleTest">
        <test-method status="PASS" signature="precondition()[pri:0, instance:com.testLib.LogInpageTitleTest@369f73a2]" name="precondition" is-config="true" duration-ms="10688" started-at="2018-06-22T12:43:12Z" finished-at="2018-06-22T12:43:23Z">
          <reporter-output>
          </reporter-output>
        </test-method> <!-- precondition -->
        <test-method status="PASS" signature="loginPageTitleTest()[pri:0, instance:com.testLib.LogInpageTitleTest@369f73a2]" name="loginPageTitleTest" duration-ms="55" started-at="2018-06-22T12:43:23Z" finished-at="2018-06-22T12:43:23Z">
          <reporter-output>
          </reporter-output>
        </test-method> <!-- loginPageTitleTest -->
        <test-method status="PASS" signature="postconditon()[pri:0, instance:com.testLib.LogInpageTitleTest@369f73a2]" name="postconditon" is-config="true" duration-ms="2189" started-at="2018-06-22T12:43:23Z" finished-at="2018-06-22T12:43:25Z">
          <reporter-output>
          </reporter-output>
        </test-method> <!-- postconditon -->
      </class> <!-- com.testLib.LogInpageTitleTest -->
    </test> <!-- Default test -->
  </suite> <!-- Default suite -->
</testng-results>
